<?xml version="1.0" encoding="utf-8"?><testsuites name="pytest tests"><testsuite name="pytest" errors="0" failures="0" skipped="1" tests="104" time="3.929" timestamp="2026-09-26T06:09:12.942278+05:30"><testcase classname="" name="test_host_limiter_initialises_slotted_state" time="0.001" /><testcase classname="" name="test_fetch_command_creates_output_root" time="0.238" /><testcase classname="" name="test_parquet_snapshot_handles_nested_mixed_qc" time="0.610" /><testcase classname="" name="test_doc_kind[A_digital_outline.pdf-digital]" time="0.052" /><testcase classname="" name="test_doc_kind[B_twocol_toc.pdf-digital]" time="0.070" /><testcase classname="" name="test_doc_kind[C_scanned.pdf-scanned]" time="0.157" /><testcase classname="" name="test_doc_kind[D_hybrid.pdf-mixed]" time="0.121" /><testcase classname="" name="test_scanned_pages_all_need_ocr" time="0.144" /><testcase classname="" name="test_hybrid_routes_only_the_scanned_pages" time="0.123" /><testcase classname="" name="test_columns_detected_on_two_column_report" time="0.068" /><testcase classname="" name="test_locate_digital[A_digital_outline.pdf-outline]" time="0.085" /><testcase classname="" name="test_locate_digital[B_twocol_toc.pdf-None]" time="0.145" /><testcase classname="" name="test_terminator_regex_matches_common_next_sections" time="0.000" /><testcase classname="" name="test_next_numbered_annexure_terminates_mda" time="0.001" /><testcase classname="" name="test_mda_heading_variants" time="0.000" /><testcase classname="" name="test_trim_span_finds_split_multiline_heading_after_toc_start" time="0.000" /><testcase classname="" name="test_fy_extraction" time="0.000" /><testcase classname="" name="test_fy_two_digit_rollover" time="0.000" /><testcase classname="" name="test_cin_regex" time="0.000" /><testcase classname="" name="test_isin_regex_and_checksum" time="0.000" /><testcase classname="" name="test_extract_isin_provenance_and_priority" time="0.001" /><testcase classname="" name="test_isin_extracted_on_live_store_blobs" time="0.000"><skipped type="pytest.skip" message="live_store blobs not present">C:\Users\hario\AppData\Local\Temp\claude\d--sem-iitk-sem9-thesis\948b3666-670c-4ce4-951f-ff0d9a9b4562\scratchpad\run-b\arpipe\tests\test_pipeline.py:258: live_store blobs not present</skipped></testcase><testcase classname="" name="test_name_matching_survives_suffix_noise" time="0.000" /><testcase classname="" name="test_era_check_flags_impossible_year" time="0.000" /><testcase classname="" name="test_section_qc_detects_auditor_leak" time="0.001" /><testcase classname="" name="test_order_quality_zero_on_correctly_ordered_prose" time="0.000" /><testcase classname="" name="test_order_quality_rises_when_two_paragraphs_are_swapped" time="0.000" /><testcase classname="" name="test_order_quality_flags_lowercase_fragment_under_heading" time="0.000" /><testcase classname="" name="test_section_qc_labels_the_orphan_basis" time="0.000" /><testcase classname="" name="test_reasons_source_shredded_when_column_splitter_fired" time="0.000" /><testcase classname="" name="test_reasons_order_scrambled_when_column_splitter_did_not_fire" time="0.000" /><testcase classname="" name="test_reasons_source_shredded_from_reprocessor_even_with_clean_metrics" time="0.000" /><testcase classname="" name="test_reprocessor_doc_is_capped_at_medium" time="0.000" /><testcase classname="" name="test_list_markers_are_not_orphan_starts" time="0.000" /><testcase classname="" name="test_producer_summary_flags_reprocessors" time="0.000" /><testcase classname="" name="test_reasons_span_truncated_on_missing_cautionary_ending" time="0.000" /><testcase classname="" name="test_reasons_empty_on_a_clean_high_row" time="0.000" /><testcase classname="" name="test_grade_downgrades_scrambled_reading_order" time="0.000" /><testcase classname="" name="test_grade_supporters_gate" time="0.000" /><testcase classname="" name="test_xy_cut_keeps_columns_apart" time="0.003" /><testcase classname="" name="test_running_furniture_is_stripped" time="0.000" /><testcase classname="" name="test_furniture_detected_from_geometry_and_repetition" time="0.001" /><testcase classname="" name="test_furniture_year_variants_fold_to_one_key" time="0.000" /><testcase classname="" name="test_furniture_detection_does_not_depend_on_block_order" time="0.001" /><testcase classname="" name="test_extract_prose_and_tables_strips_the_running_header" time="0.010" /><testcase classname="" name="test_quarantine_lifts_a_chart_axis_dump" time="0.001" /><testcase classname="" name="test_quarantine_marks_a_labelled_table" time="0.000" /><testcase classname="" name="test_quarantine_keeps_prose_with_a_few_numbers" time="0.000" /><testcase classname="" name="test_quarantine_keeps_a_block_that_mixes_cells_and_a_sentence" time="0.000" /><testcase classname="" name="test_quarantine_conserves_every_word" time="0.000" /><testcase classname="" name="test_link_pdf_reports_hardlink_on_same_volume" time="0.006" /><testcase classname="" name="test_link_pdf_is_idempotent_and_still_reports_the_real_mode" time="0.003" /><testcase classname="" name="test_link_pdf_falls_back_to_copy_and_reports_it" time="0.008" /><testcase classname="" name="test_rel_to_root_uses_forward_slashes" time="0.002" /><testcase classname="" name="test_blob_abspath_resolves_root_relative_and_legacy" time="0.003" /><testcase classname="" name="test_extract_is_cwd_independent_and_records_link_mode" time="0.982" /><testcase classname="" name="test_collapse_universe_jain_case" time="0.001" /><testcase classname="" name="test_detect_series_type" time="0.001" /><testcase classname="" name="test_cmd_audit_asserts_sha256_and_cin_fy_uniqueness" time="0.018" /><testcase classname="" name="test_terminator_shape_rejects_body_word_and_accepts_heading" time="0.002" /><testcase classname="" name="test_check_terminator_line_shape_rules" time="0.001" /><testcase classname="" name="test_toc_offset_not_run_when_no_toc" time="0.002" /><testcase classname="" name="test_toc_offset_high_confidence_on_fixture" time="0.030" /><testcase classname="" name="test_toc_offset_gating_cuts_score_on_low_confidence" time="0.003" /><testcase classname="" name="test_mandated_ratios_tolerant_regex" time="0.000" /><testcase classname="" name="test_p7_top_level_fields_and_candidate_span_words" time="0.000" /><testcase classname="" name="test_p20_era_rules_full_document" time="0.001" /><testcase classname="" name="test_p10_wire_bse_master" time="0.005" /><testcase classname="" name="test_p25_outline_page0_invalidated_heading_wins" time="0.062" /><testcase classname="" name="test_p25_outline_divider_walk_forward" time="0.038" /><testcase classname="" name="test_p25_outline_direct_prose_accepted" time="0.036" /><testcase classname="" name="test_p26_sampler_includes_page_15_for_48_page_scanned_doc" time="0.000" /><testcase classname="" name="test_p26_sampler_sweeps_offset_for_longer_doc" time="0.000" /><testcase classname="" name="test_p27_is_cross_reference_pointer" time="0.000" /><testcase classname="" name="test_p27_multiline_heading_and_cross_ref_rejection" time="0.021" /><testcase classname="" name="test_mda_heading_plural_discussions" time="0.000" /><testcase classname="" name="test_cross_reference_pointer_in_heading" time="0.000" /><testcase classname="" name="test_terminator_end_page_midpage_vs_top" time="0.000" /><testcase classname="" name="test_modern_steels_synthetic_locate" time="0.021" /><testcase classname="" name="test_p29_tesseract_block_geometry_two_columns" time="0.105" /><testcase classname="" name="test_p29_tesseract_fallback_to_flat" time="0.040" /><testcase classname="" name="test_umbrella_running_header_suppression" time="0.002" /><testcase classname="" name="test_integrated_annual_report_pointer" time="0.001" /><testcase classname="" name="test_to_the_members_of_terminator" time="0.001" /><testcase classname="" name="test_p33_is_given_below_not_pointer" time="0.001" /><testcase classname="" name="test_clean_page_scores_zero" time="0.001" /><testcase classname="" name="test_one_orphan_gives_expected_fraction" time="0.001" /><testcase classname="" name="test_page_isolation_bad_page_does_not_leak_into_clean_page" time="0.001" /><testcase classname="" name="test_cross_page_paragraph_attribution" time="0.001" /><testcase classname="" name="test_pages_never_passed_in_are_absent_from_the_map" time="0.001" /><testcase classname="" name="test_insufficient_paragraphs_on_a_page_is_none_not_a_fake_zero" time="0.001" /><testcase classname="" name="test_document_level_metric_unchanged_by_the_refactor" time="0.000" /><testcase classname="" name="test_page_exactly_at_threshold_is_not_flagged" time="0.001" /><testcase classname="" name="test_page_above_threshold_is_flagged" time="0.001" /><testcase classname="" name="test_deterministic_page_ordering" time="0.001" /><testcase classname="" name="test_full_width_block_true" time="0.031" /><testcase classname="" name="test_full_width_block_false" time="0.040" /><testcase classname="" name="test_full_width_block_none_when_page_out_of_range" time="0.031" /><testcase classname="" name="test_orderqc_multiple_bad_pages_and_hidden_aggregate" time="0.015" /><testcase classname="" name="test_already_bad_document_not_double_counted_as_hidden" time="0.001" /><testcase classname="" name="test_json_roundtrip_preserves_null_semantics" time="0.001" /><testcase classname="" name="test_page_telemetry_is_side_effect_free_on_a_real_fixture" time="0.038" /><testcase classname="" name="test_page_reconstruction_matches_document_reconstruction_on_real_fixture" time="0.011" /><testcase classname="" name="test_diagnostic_threshold_is_a_fixed_independent_constant" time="0.000" /></testsuite></testsuites>