<?xml version="1.0" encoding="utf-8"?><testsuites name="pytest tests"><testsuite name="pytest" errors="0" failures="0" skipped="20" tests="431" time="59.589" timestamp="2026-09-26T06:07:52.588613+05:30"><testcase classname="arpipe.tests.test_column_cut.TestCleanTwoColumn" name="test_splits_left_then_right" time="0.001" /><testcase classname="arpipe.tests.test_column_cut.TestCleanTwoColumn" name="test_columns_are_internally_top_to_bottom" time="0.000" /><testcase classname="arpipe.tests.test_column_cut.TestJainCase" name="test_must_still_split" time="0.000" /><testcase classname="arpipe.tests.test_column_cut.TestJainCase" name="test_column_cut_fires_directly" time="0.000" /><testcase classname="arpipe.tests.test_column_cut.TestJainCase" name="test_footer_survives_in_output" time="0.000" /><testcase classname="arpipe.tests.test_column_cut.TestJainCase" name="test_footer_appears_after_columns" time="0.000" /><testcase classname="arpipe.tests.test_column_cut.TestGenuineSingleColumn" name="test_column_cut_returns_none" time="0.000" /><testcase classname="arpipe.tests.test_column_cut.TestGenuineSingleColumn" name="test_xy_cut_preserves_top_to_bottom" time="0.000" /><testcase classname="arpipe.tests.test_column_cut.TestNarrowGutter" name="test_splits_via_centre_gap" time="0.000" /><testcase classname="arpipe.tests.test_column_cut.TestNarrowGutter" name="test_column_cut_fires" time="0.000" /><testcase classname="arpipe.tests.test_column_cut.TestShreddedBlocks" name="test_still_splits" time="0.000" /><testcase classname="arpipe.tests.test_column_cut.TestFullWidthHeading" name="test_heading_before_left_before_right" time="0.000" /><testcase classname="arpipe.tests.test_column_cut.TestThreeColumns" name="test_no_interleave" time="0.000" /><testcase classname="arpipe.tests.test_column_cut.TestThreeColumns" name="test_all_blocks_assigned" time="0.000" /><testcase classname="arpipe.tests.test_column_cut.TestWordConservation" name="test_words_in_equals_words_out[two_col]" time="0.001" /><testcase classname="arpipe.tests.test_column_cut.TestWordConservation" name="test_words_in_equals_words_out[jain]" time="0.001" /><testcase classname="arpipe.tests.test_column_cut.TestWordConservation" name="test_words_in_equals_words_out[single]" time="0.001" /><testcase classname="arpipe.tests.test_column_cut.TestWordConservation" name="test_words_in_equals_words_out[narrow]" time="0.001" /><testcase classname="arpipe.tests.test_column_cut.TestWordConservation" name="test_words_in_equals_words_out[shredded]" time="0.001" /><testcase classname="arpipe.tests.test_column_cut.TestWordConservation" name="test_words_in_equals_words_out[heading]" time="0.001" /><testcase classname="arpipe.tests.test_column_cut.TestWordConservation" name="test_words_in_equals_words_out[three_col]" time="0.001" /><testcase classname="arpipe.tests.test_column_cut.TestWordConservation" name="test_block_count_preserved[two_col]" time="0.001" /><testcase classname="arpipe.tests.test_column_cut.TestWordConservation" name="test_block_count_preserved[jain]" time="0.001" /><testcase classname="arpipe.tests.test_column_cut.TestWordConservation" name="test_block_count_preserved[single]" time="0.001" /><testcase classname="arpipe.tests.test_column_cut.TestWordConservation" name="test_block_count_preserved[narrow]" time="0.001" /><testcase classname="arpipe.tests.test_column_cut.TestWordConservation" name="test_block_count_preserved[shredded]" time="0.001" /><testcase classname="arpipe.tests.test_column_cut.TestWordConservation" name="test_block_count_preserved[heading]" time="0.001" /><testcase classname="arpipe.tests.test_column_cut.TestWordConservation" name="test_block_count_preserved[three_col]" time="0.001" /><testcase classname="arpipe.tests.test_column_cut.TestFullwidthFracBoundary" name="test_059_is_below_threshold" time="0.000" /><testcase classname="arpipe.tests.test_column_cut.TestFullwidthFracBoundary" name="test_061_is_above_threshold" time="0.000" /><testcase classname="arpipe.tests.test_column_cut.TestFullwidthFracBoundary" name="test_both_sides_still_split" time="0.000" /><testcase classname="arpipe.tests.test_column_cut.TestCentreGapFracBoundary" name="test_013_below_threshold_no_split" time="0.000" /><testcase classname="arpipe.tests.test_column_cut.TestCentreGapFracBoundary" name="test_015_above_threshold_splits" time="0.000" /><testcase classname="arpipe.tests.test_config.TestCodeDefaults" name="test_all_sections_present" time="0.000" /><testcase classname="arpipe.tests.test_config.TestCodeDefaults" name="test_reading_order_bug_constants_present" time="0.000" /><testcase classname="arpipe.tests.test_config.TestYamlLoader" name="test_load_custom_yaml" time="0.007" /><testcase classname="arpipe.tests.test_config.TestPrecedence" name="test_env_overrides_config_file" time="0.021" /><testcase classname="arpipe.tests.test_config.TestPrecedence" name="test_cli_overrides_env_and_file" time="0.006" /><testcase classname="arpipe.tests.test_config.TestPrecedence" name="test_code_default_provenance" time="0.001" /><testcase classname="arpipe.tests.test_config.TestModuleInjection" name="test_apply_config_updates_triage_constants" time="0.000" /><testcase classname="arpipe.tests.test_config.TestModuleInjection" name="test_apply_config_updates_textlayer_constants" time="0.000" /><testcase classname="arpipe.tests.test_config.TestModuleInjection" name="test_apply_config_updates_segment_constants" time="0.000" /><testcase classname="arpipe.tests.test_config.TestModuleInjection" name="test_apply_config_updates_verify_constants" time="0.000" /><testcase classname="arpipe.tests.test_config.TestModuleInjection" name="test_apply_config_updates_ocr_and_pipeline_constants" time="0.000" /><testcase classname="arpipe.tests.test_config.TestPrintConfigAndManifest" name="test_format_config_dump_contains_provenance" time="0.008" /><testcase classname="arpipe.tests.test_config.TestPrintConfigAndManifest" name="test_config_for_manifest_is_serializable" time="0.008" /><testcase classname="arpipe.tests.test_discover" name="test_parse_nse_url_filename" time="0.001" /><testcase classname="arpipe.tests.test_discover" name="test_report_ref_serialization" time="0.000" /><testcase classname="arpipe.tests.test_discover" name="test_discover_nse_valid_and_mismatch_filtering" time="0.001" /><testcase classname="arpipe.tests.test_evaluate" name="test_compute_boundary_iou" time="0.000" /><testcase classname="arpipe.tests.test_evaluate" name="test_compute_pk_and_windowdiff_exact" time="0.000" /><testcase classname="arpipe.tests.test_evaluate" name="test_compute_pk_and_windowdiff_penalties" time="0.000" /><testcase classname="arpipe.tests.test_evaluate" name="test_check_start_accuracy" time="0.000" /><testcase classname="arpipe.tests.test_evaluate" name="test_end_to_end_evaluate" time="0.021" /><testcase classname="arpipe.tests.test_evaluate" name="test_evaluate_excludes_unverified_rows" time="0.023" /><testcase classname="arpipe.tests.test_evaluate" name="test_log_holdout_access" time="0.092" /><testcase classname="arpipe.tests.test_labeller" name="test_era_classification" time="0.001" /><testcase classname="arpipe.tests.test_labeller" name="test_cap_band_classification" time="0.000" /><testcase classname="arpipe.tests.test_labeller" name="test_reason_codes" time="0.001" /><testcase classname="arpipe.tests.test_labeller" name="test_prompt_user_defaults" time="0.000" /><testcase classname="arpipe.tests.test_labeller" name="test_sample_for_labelling" time="0.002"><skipped type="pytest.skip" message="Stores not available for sampling test">D:\sem_iitk\sem9\thesis\sep_week1\r1-final\arpipe\tests\test_labeller.py:90: Stores not available for sampling test</skipped></testcase><testcase classname="arpipe.tests.test_pipeline" name="test_host_limiter_initialises_slotted_state" time="0.000" /><testcase classname="arpipe.tests.test_pipeline" name="test_fetch_command_creates_output_root" time="0.285" /><testcase classname="arpipe.tests.test_pipeline" name="test_parquet_snapshot_handles_nested_mixed_qc" time="3.194" /><testcase classname="arpipe.tests.test_pipeline" name="test_doc_kind[A_digital_outline.pdf-digital]" time="0.002"><skipped type="pytest.skip" message="run tests/make_fixtures.py first">D:\sem_iitk\sem9\thesis\sep_week1\r1-final\arpipe\tests\test_pipeline.py:24: run tests/make_fixtures.py first</skipped></testcase><testcase classname="arpipe.tests.test_pipeline" name="test_doc_kind[B_twocol_toc.pdf-digital]" time="0.001"><skipped type="pytest.skip" message="run tests/make_fixtures.py first">D:\sem_iitk\sem9\thesis\sep_week1\r1-final\arpipe\tests\test_pipeline.py:24: run tests/make_fixtures.py first</skipped></testcase><testcase classname="arpipe.tests.test_pipeline" name="test_doc_kind[C_scanned.pdf-scanned]" time="0.001"><skipped type="pytest.skip" message="run tests/make_fixtures.py first">D:\sem_iitk\sem9\thesis\sep_week1\r1-final\arpipe\tests\test_pipeline.py:24: run tests/make_fixtures.py first</skipped></testcase><testcase classname="arpipe.tests.test_pipeline" name="test_doc_kind[D_hybrid.pdf-mixed]" time="0.001"><skipped type="pytest.skip" message="run tests/make_fixtures.py first">D:\sem_iitk\sem9\thesis\sep_week1\r1-final\arpipe\tests\test_pipeline.py:24: run tests/make_fixtures.py first</skipped></testcase><testcase classname="arpipe.tests.test_pipeline" name="test_scanned_pages_all_need_ocr" time="0.001"><skipped type="pytest.skip" message="run tests/make_fixtures.py first">D:\sem_iitk\sem9\thesis\sep_week1\r1-final\arpipe\tests\test_pipeline.py:24: run tests/make_fixtures.py first</skipped></testcase><testcase classname="arpipe.tests.test_pipeline" name="test_hybrid_routes_only_the_scanned_pages" time="0.001"><skipped type="pytest.skip" message="run tests/make_fixtures.py first">D:\sem_iitk\sem9\thesis\sep_week1\r1-final\arpipe\tests\test_pipeline.py:24: run tests/make_fixtures.py first</skipped></testcase><testcase classname="arpipe.tests.test_pipeline" name="test_columns_detected_on_two_column_report" time="0.001"><skipped type="pytest.skip" message="run tests/make_fixtures.py first">D:\sem_iitk\sem9\thesis\sep_week1\r1-final\arpipe\tests\test_pipeline.py:24: run tests/make_fixtures.py first</skipped></testcase><testcase classname="arpipe.tests.test_pipeline" name="test_locate_digital[A_digital_outline.pdf-outline]" time="0.001"><skipped type="pytest.skip" message="run tests/make_fixtures.py first">D:\sem_iitk\sem9\thesis\sep_week1\r1-final\arpipe\tests\test_pipeline.py:24: run tests/make_fixtures.py first</skipped></testcase><testcase classname="arpipe.tests.test_pipeline" name="test_locate_digital[B_twocol_toc.pdf-None]" time="0.001"><skipped type="pytest.skip" message="run tests/make_fixtures.py first">D:\sem_iitk\sem9\thesis\sep_week1\r1-final\arpipe\tests\test_pipeline.py:24: run tests/make_fixtures.py first</skipped></testcase><testcase classname="arpipe.tests.test_pipeline" name="test_terminator_regex_matches_common_next_sections" time="0.000" /><testcase classname="arpipe.tests.test_pipeline" name="test_next_numbered_annexure_terminates_mda" time="0.000" /><testcase classname="arpipe.tests.test_pipeline" name="test_mda_heading_variants" time="0.000" /><testcase classname="arpipe.tests.test_pipeline" name="test_trim_span_finds_split_multiline_heading_after_toc_start" time="0.001" /><testcase classname="arpipe.tests.test_pipeline" name="test_fy_extraction" time="0.000" /><testcase classname="arpipe.tests.test_pipeline" name="test_fy_two_digit_rollover" time="0.000" /><testcase classname="arpipe.tests.test_pipeline" name="test_cin_regex" time="0.000" /><testcase classname="arpipe.tests.test_pipeline" name="test_isin_regex_and_checksum" time="0.000" /><testcase classname="arpipe.tests.test_pipeline" name="test_extract_isin_provenance_and_priority" time="0.001" /><testcase classname="arpipe.tests.test_pipeline" name="test_isin_extracted_on_live_store_blobs" time="0.000"><skipped type="pytest.skip" message="live_store blobs not present">D:\sem_iitk\sem9\thesis\sep_week1\r1-final\arpipe\tests\test_pipeline.py:258: live_store blobs not present</skipped></testcase><testcase classname="arpipe.tests.test_pipeline" name="test_name_matching_survives_suffix_noise" time="0.000" /><testcase classname="arpipe.tests.test_pipeline" name="test_era_check_flags_impossible_year" time="0.000" /><testcase classname="arpipe.tests.test_pipeline" name="test_section_qc_detects_auditor_leak" time="0.001" /><testcase classname="arpipe.tests.test_pipeline" name="test_order_quality_zero_on_correctly_ordered_prose" time="0.000" /><testcase classname="arpipe.tests.test_pipeline" name="test_order_quality_rises_when_two_paragraphs_are_swapped" time="0.000" /><testcase classname="arpipe.tests.test_pipeline" name="test_order_quality_flags_lowercase_fragment_under_heading" time="0.000" /><testcase classname="arpipe.tests.test_pipeline" name="test_section_qc_labels_the_orphan_basis" time="0.000" /><testcase classname="arpipe.tests.test_pipeline" name="test_reasons_source_shredded_when_column_splitter_fired" time="0.000" /><testcase classname="arpipe.tests.test_pipeline" name="test_reasons_order_scrambled_when_column_splitter_did_not_fire" time="0.000" /><testcase classname="arpipe.tests.test_pipeline" name="test_reasons_source_shredded_from_reprocessor_even_with_clean_metrics" time="0.000" /><testcase classname="arpipe.tests.test_pipeline" name="test_reprocessor_doc_is_capped_at_medium" time="0.000" /><testcase classname="arpipe.tests.test_pipeline" name="test_list_markers_are_not_orphan_starts" time="0.000" /><testcase classname="arpipe.tests.test_pipeline" name="test_producer_summary_flags_reprocessors" time="0.000" /><testcase classname="arpipe.tests.test_pipeline" name="test_reasons_span_truncated_on_missing_cautionary_ending" time="0.000" /><testcase classname="arpipe.tests.test_pipeline" name="test_reasons_empty_on_a_clean_high_row" time="0.000" /><testcase classname="arpipe.tests.test_pipeline" name="test_grade_downgrades_scrambled_reading_order" time="0.000" /><testcase classname="arpipe.tests.test_pipeline" name="test_grade_supporters_gate" time="0.000" /><testcase classname="arpipe.tests.test_pipeline" name="test_xy_cut_keeps_columns_apart" time="0.000"><skipped type="pytest.skip" message="run tests/make_fixtures.py first">D:\sem_iitk\sem9\thesis\sep_week1\r1-final\arpipe\tests\test_pipeline.py:24: run tests/make_fixtures.py first</skipped></testcase><testcase classname="arpipe.tests.test_pipeline" name="test_running_furniture_is_stripped" time="0.000" /><testcase classname="arpipe.tests.test_pipeline" name="test_furniture_detected_from_geometry_and_repetition" time="0.001" /><testcase classname="arpipe.tests.test_pipeline" name="test_furniture_year_variants_fold_to_one_key" time="0.000" /><testcase classname="arpipe.tests.test_pipeline" name="test_furniture_detection_does_not_depend_on_block_order" time="0.001" /><testcase classname="arpipe.tests.test_pipeline" name="test_extract_prose_and_tables_strips_the_running_header" time="0.000"><skipped type="pytest.skip" message="run tests/make_fixtures.py first">D:\sem_iitk\sem9\thesis\sep_week1\r1-final\arpipe\tests\test_pipeline.py:24: run tests/make_fixtures.py first</skipped></testcase><testcase classname="arpipe.tests.test_pipeline" name="test_quarantine_lifts_a_chart_axis_dump" time="0.001" /><testcase classname="arpipe.tests.test_pipeline" name="test_quarantine_marks_a_labelled_table" time="0.000" /><testcase classname="arpipe.tests.test_pipeline" name="test_quarantine_keeps_prose_with_a_few_numbers" time="0.000" /><testcase classname="arpipe.tests.test_pipeline" name="test_quarantine_keeps_a_block_that_mixes_cells_and_a_sentence" time="0.000" /><testcase classname="arpipe.tests.test_pipeline" name="test_quarantine_conserves_every_word" time="0.000" /><testcase classname="arpipe.tests.test_pipeline" name="test_link_pdf_reports_hardlink_on_same_volume" time="0.014" /><testcase classname="arpipe.tests.test_pipeline" name="test_link_pdf_is_idempotent_and_still_reports_the_real_mode" time="0.003" /><testcase classname="arpipe.tests.test_pipeline" name="test_link_pdf_falls_back_to_copy_and_reports_it" time="0.008" /><testcase classname="arpipe.tests.test_pipeline" name="test_rel_to_root_uses_forward_slashes" time="0.002" /><testcase classname="arpipe.tests.test_pipeline" name="test_blob_abspath_resolves_root_relative_and_legacy" time="0.003" /><testcase classname="arpipe.tests.test_pipeline" name="test_extract_is_cwd_independent_and_records_link_mode" time="0.002"><skipped type="pytest.skip" message="run tests/make_fixtures.py first">D:\sem_iitk\sem9\thesis\sep_week1\r1-final\arpipe\tests\test_pipeline.py:24: run tests/make_fixtures.py first</skipped></testcase><testcase classname="arpipe.tests.test_pipeline" name="test_collapse_universe_jain_case" time="0.001" /><testcase classname="arpipe.tests.test_pipeline" name="test_detect_series_type" time="0.001" /><testcase classname="arpipe.tests.test_pipeline" name="test_cmd_audit_asserts_sha256_and_cin_fy_uniqueness" time="0.044" /><testcase classname="arpipe.tests.test_pipeline" name="test_terminator_shape_rejects_body_word_and_accepts_heading" time="0.001" /><testcase classname="arpipe.tests.test_pipeline" name="test_check_terminator_line_shape_rules" time="0.001" /><testcase classname="arpipe.tests.test_pipeline" name="test_toc_offset_not_run_when_no_toc" time="0.011" /><testcase classname="arpipe.tests.test_pipeline" name="test_toc_offset_high_confidence_on_fixture" time="0.001"><skipped type="pytest.skip" message="run tests/make_fixtures.py first">D:\sem_iitk\sem9\thesis\sep_week1\r1-final\arpipe\tests\test_pipeline.py:24: run tests/make_fixtures.py first</skipped></testcase><testcase classname="arpipe.tests.test_pipeline" name="test_toc_offset_gating_cuts_score_on_low_confidence" time="0.004" /><testcase classname="arpipe.tests.test_pipeline" name="test_mandated_ratios_tolerant_regex" time="0.000" /><testcase classname="arpipe.tests.test_pipeline" name="test_p7_top_level_fields_and_candidate_span_words" time="0.000" /><testcase classname="arpipe.tests.test_pipeline" name="test_p20_era_rules_full_document" time="0.001" /><testcase classname="arpipe.tests.test_pipeline" name="test_p10_wire_bse_master" time="0.023" /><testcase classname="arpipe.tests.test_pipeline" name="test_p25_outline_page0_invalidated_heading_wins" time="0.088" /><testcase classname="arpipe.tests.test_pipeline" name="test_p25_outline_divider_walk_forward" time="0.036" /><testcase classname="arpipe.tests.test_pipeline" name="test_p25_outline_direct_prose_accepted" time="0.035" /><testcase classname="arpipe.tests.test_pipeline" name="test_p26_sampler_includes_page_15_for_48_page_scanned_doc" time="0.000" /><testcase classname="arpipe.tests.test_pipeline" name="test_p26_sampler_sweeps_offset_for_longer_doc" time="0.000" /><testcase classname="arpipe.tests.test_pipeline" name="test_p27_is_cross_reference_pointer" time="0.000" /><testcase classname="arpipe.tests.test_pipeline" name="test_p27_multiline_heading_and_cross_ref_rejection" time="0.022" /><testcase classname="arpipe.tests.test_pipeline" name="test_mda_heading_plural_discussions" time="0.000" /><testcase classname="arpipe.tests.test_pipeline" name="test_cross_reference_pointer_in_heading" time="0.000" /><testcase classname="arpipe.tests.test_pipeline" name="test_terminator_end_page_midpage_vs_top" time="0.000" /><testcase classname="arpipe.tests.test_pipeline" name="test_modern_steels_synthetic_locate" time="0.023" /><testcase classname="arpipe.tests.test_pipeline" name="test_p29_tesseract_block_geometry_two_columns" time="0.105" /><testcase classname="arpipe.tests.test_pipeline" name="test_p29_tesseract_fallback_to_flat" time="0.034" /><testcase classname="arpipe.tests.test_pipeline" name="test_umbrella_running_header_suppression" time="0.001" /><testcase classname="arpipe.tests.test_pipeline" name="test_integrated_annual_report_pointer" time="0.001" /><testcase classname="arpipe.tests.test_pipeline" name="test_to_the_members_of_terminator" time="0.000" /><testcase classname="arpipe.tests.test_pipeline" name="test_p33_is_given_below_not_pointer" time="0.000" /><testcase classname="arpipe.tests.test_pm1_orderqc" name="test_clean_page_scores_zero" time="0.000" /><testcase classname="arpipe.tests.test_pm1_orderqc" name="test_one_orphan_gives_expected_fraction" time="0.000" /><testcase classname="arpipe.tests.test_pm1_orderqc" name="test_page_isolation_bad_page_does_not_leak_into_clean_page" time="0.000" /><testcase classname="arpipe.tests.test_pm1_orderqc" name="test_cross_page_paragraph_attribution" time="0.000" /><testcase classname="arpipe.tests.test_pm1_orderqc" name="test_pages_never_passed_in_are_absent_from_the_map" time="0.000" /><testcase classname="arpipe.tests.test_pm1_orderqc" name="test_insufficient_paragraphs_on_a_page_is_none_not_a_fake_zero" time="0.000" /><testcase classname="arpipe.tests.test_pm1_orderqc" name="test_document_level_metric_unchanged_by_the_refactor" time="0.000" /><testcase classname="arpipe.tests.test_pm1_orderqc" name="test_page_exactly_at_threshold_is_not_flagged" time="0.000" /><testcase classname="arpipe.tests.test_pm1_orderqc" name="test_page_above_threshold_is_flagged" time="0.000" /><testcase classname="arpipe.tests.test_pm1_orderqc" name="test_deterministic_page_ordering" time="0.000" /><testcase classname="arpipe.tests.test_pm1_orderqc" name="test_full_width_block_true" time="0.025" /><testcase classname="arpipe.tests.test_pm1_orderqc" name="test_full_width_block_false" time="0.035" /><testcase classname="arpipe.tests.test_pm1_orderqc" name="test_full_width_block_none_when_page_out_of_range" time="0.030" /><testcase classname="arpipe.tests.test_pm1_orderqc" name="test_orderqc_multiple_bad_pages_and_hidden_aggregate" time="0.014" /><testcase classname="arpipe.tests.test_pm1_orderqc" name="test_already_bad_document_not_double_counted_as_hidden" time="0.001" /><testcase classname="arpipe.tests.test_pm1_orderqc" name="test_json_roundtrip_preserves_null_semantics" time="0.001" /><testcase classname="arpipe.tests.test_pm1_orderqc" name="test_page_telemetry_is_side_effect_free_on_a_real_fixture" time="0.000"><skipped type="pytest.skip" message="run tests/make_fixtures.py first">D:\sem_iitk\sem9\thesis\sep_week1\r1-final\arpipe\tests\test_pm1_orderqc.py:31: run tests/make_fixtures.py first</skipped></testcase><testcase classname="arpipe.tests.test_pm1_orderqc" name="test_page_reconstruction_matches_document_reconstruction_on_real_fixture" time="0.000"><skipped type="pytest.skip" message="run tests/make_fixtures.py first">D:\sem_iitk\sem9\thesis\sep_week1\r1-final\arpipe\tests\test_pm1_orderqc.py:31: run tests/make_fixtures.py first</skipped></testcase><testcase classname="arpipe.tests.test_pm1_orderqc" name="test_diagnostic_threshold_is_a_fixed_independent_constant" time="0.000" /><testcase classname="arpipe.tests.test_pm2_pagegrain_native_vs_ocr" name="test_page_level_values_read_from_pm1" time="0.000" /><testcase classname="arpipe.tests.test_pm2_pagegrain_native_vs_ocr" name="test_null_pages_excluded_from_numeric_stats" time="0.001" /><testcase classname="arpipe.tests.test_pm2_pagegrain_native_vs_ocr" name="test_zero_pages_retained_as_real_zeros" time="0.000" /><testcase classname="arpipe.tests.test_pm2_pagegrain_native_vs_ocr" name="test_provenance_is_page_level" time="0.000" /><testcase classname="arpipe.tests.test_pm2_pagegrain_native_vs_ocr" name="test_mixed_documents_split_correctly" time="0.001" /><testcase classname="arpipe.tests.test_pm2_pagegrain_native_vs_ocr" name="test_unknown_provenance_excluded_and_counted" time="0.000" /><testcase classname="arpipe.tests.test_pm2_pagegrain_native_vs_ocr" name="test_percentiles_use_same_method" time="0.000" /><testcase classname="arpipe.tests.test_pm2_pagegrain_native_vs_ocr" name="test_score_gt_003_classification_is_exact" time="0.000" /><testcase classname="arpipe.tests.test_pm2_pagegrain_native_vs_ocr" name="test_score_eq_003_not_above_threshold" time="0.000" /><testcase classname="arpipe.tests.test_pm2_pagegrain_native_vs_ocr" name="test_gap_around_threshold_calculation" time="0.000" /><testcase classname="arpipe.tests.test_pm2_pagegrain_native_vs_ocr" name="test_document_and_page_counts_not_confused" time="0.000" /><testcase classname="arpipe.tests.test_pm2_pagegrain_native_vs_ocr" name="test_no_production_modules_modified" time="0.040" /><testcase classname="arpipe.tests.test_preflight.TestParseRequirements" name="test_parse_basic" time="0.018" /><testcase classname="arpipe.tests.test_preflight.TestParseRequirements" name="test_parse_inline_comments" time="0.021" /><testcase classname="arpipe.tests.test_preflight.TestParseRequirements" name="test_parse_optional_commented_out" time="0.021" /><testcase classname="arpipe.tests.test_preflight.TestCheckRequirements" name="test_importable_packages" time="0.022" /><testcase classname="arpipe.tests.test_preflight.TestCheckRequirements" name="test_missing_required_fails" time="0.024" /><testcase classname="arpipe.tests.test_preflight.TestCheckRequirements" name="test_missing_optional_is_info" time="0.024" /><testcase classname="arpipe.tests.test_preflight.TestCheckRequirements" name="test_file_not_found" time="0.001" /><testcase classname="arpipe.tests.test_preflight.TestCheckDiskSpace" name="test_enough_space" time="0.005" /><testcase classname="arpipe.tests.test_preflight.TestCheckDiskSpace" name="test_not_enough_space" time="0.005" /><testcase classname="arpipe.tests.test_preflight.TestCheckLinkCapabilities" name="test_link_checks_run" time="0.009" /><testcase classname="arpipe.tests.test_preflight.TestCheckLinkCapabilities" name="test_probe_file_cleaned_up" time="0.009" /><testcase classname="arpipe.tests.test_preflight.TestCheckVolumeAlignment" name="test_same_volume" time="0.006" /><testcase classname="arpipe.tests.test_preflight.TestCheckWritePermissions" name="test_writable" time="0.010" /><testcase classname="arpipe.tests.test_preflight.TestCheckCompanies" name="test_file_not_found" time="0.001" /><testcase classname="arpipe.tests.test_preflight.TestCheckCompanies" name="test_small_csv" time="0.019" /><testcase classname="arpipe.tests.test_preflight.TestCheckCompanies" name="test_no_duplicates" time="0.012" /><testcase classname="arpipe.tests.test_preflight.TestCheckCompanies" name="test_with_duplicates" time="0.029" /><testcase classname="arpipe.tests.test_preflight.TestFormatTable" name="test_basic_output" time="0.001" /><testcase classname="arpipe.tests.test_preflight.TestFormatTable" name="test_all_pass_shows_ready" time="0.001" /><testcase classname="arpipe.tests.test_preflight.TestFormatTable" name="test_warn_is_not_blocking" time="0.001" /><testcase classname="arpipe.tests.test_preflight.TestFormatFixHints" name="test_hints_printed" time="0.001" /><testcase classname="arpipe.tests.test_preflight.TestFormatFixHints" name="test_no_hints" time="0.001" /><testcase classname="arpipe.tests.test_preflight.TestRunPreflight" name="test_exit_zero_on_pass" time="2.588" /><testcase classname="arpipe.tests.test_preflight.TestRunPreflight" name="test_exit_one_on_fail" time="1.042" /><testcase classname="arpipe.tests.test_preflight.TestCLIIntegration" name="test_preflight_parseable" time="0.001" /><testcase classname="tests.t0_1.test_audit_corpus_gaps.TestCorpusGapAudit" name="test_corpus_inventory_enumeration" time="0.016" /><testcase classname="tests.t0_1.test_audit_corpus_gaps.TestCorpusGapAudit" name="test_issuer_disjointness_and_splits" time="0.010" /><testcase classname="tests.t0_1.test_audit_corpus_gaps.TestCorpusGapAudit" name="test_protected_t0_hashes" time="0.206" /><testcase classname="tests.t0_1.test_audit_corpus_gaps.TestCorpusGapAudit" name="test_single_file_mapping_and_sha" time="9.646" /><testcase classname="tests.t0_1.test_audit_corpus_gaps.TestCorpusGapAudit" name="test_total_page_count_assertion" time="0.807" /><testcase classname="tests.t0_1.test_t0_1_reconciliation.TestT01Reconciliation" name="test_01_raw_t01_artifacts_byte_identical" time="1.094" /><testcase classname="tests.t0_1.test_t0_1_reconciliation.TestT01Reconciliation" name="test_02_t0_baseline_artifacts_byte_identical" time="0.132" /><testcase classname="tests.t0_1.test_t0_1_reconciliation.TestT01Reconciliation" name="test_03_two_run_reproducibility" time="3.995" /><testcase classname="tests.t0_1.test_t0_1_reconciliation.TestT01Reconciliation" name="test_04_fail_closed_on_tampered_input" time="0.031" /><testcase classname="tests.t0_1.test_t0_1_reconciliation.TestT01Reconciliation" name="test_05_reconciliation_manifest_self_hash_excluded" time="1.974" /><testcase classname="tests.t0_1.test_t0_1_reconciliation.TestT01Reconciliation" name="test_06_manual_review_provenance_truthful" time="1.870" /><testcase classname="tests.t0_1.test_t0_1_reconciliation.TestT01Reconciliation" name="test_07_audit_scripts_pass" time="2.056" /><testcase classname="tests.t0_2.test_t0_2_robustness_gate.TestT02RobustnessGate" name="test_01_base_commit_invariant" time="0.260" /><testcase classname="tests.t0_2.test_t0_2_robustness_gate.TestT02RobustnessGate" name="test_02_frozen_input_hash_verification" time="0.034" /><testcase classname="tests.t0_2.test_t0_2_robustness_gate.TestT02RobustnessGate" name="test_03_complete_derivation_of_additional_audit_rows" time="0.001" /><testcase classname="tests.t0_2.test_t0_2_robustness_gate.TestT02RobustnessGate" name="test_04_no_condition_omission_or_extra" time="0.025" /><testcase classname="tests.t0_2.test_t0_2_robustness_gate.TestT02RobustnessGate" name="test_05_claim_dependency_completeness" time="0.006" /><testcase classname="tests.t0_2.test_t0_2_robustness_gate.TestT02RobustnessGate" name="test_06_uncertainty_enum_validity" time="0.001" /><testcase classname="tests.t0_2.test_t0_2_robustness_gate.TestT02RobustnessGate" name="test_07_decision_enum_validity" time="0.001" /><testcase classname="tests.t0_2.test_t0_2_robustness_gate.TestT02RobustnessGate" name="test_08_trigger_state_consistency" time="0.002" /><testcase classname="tests.t0_2.test_t0_2_robustness_gate.TestT02RobustnessGate" name="test_09_targeted_acquisition_forbidden_when_unexecuted" time="0.002" /><testcase classname="tests.t0_2.test_t0_2_robustness_gate.TestT02RobustnessGate" name="test_10_threshold_basis_validation" time="0.002" /><testcase classname="tests.t0_2.test_t0_2_robustness_gate.TestT02RobustnessGate" name="test_11_sample_size_justification_validation" time="0.001" /><testcase classname="tests.t0_2.test_t0_2_robustness_gate.TestT02RobustnessGate" name="test_12_core_decision_invariant" time="0.005" /><testcase classname="tests.t0_2.test_t0_2_robustness_gate.TestT02RobustnessGate" name="test_13_deterministic_reproducibility" time="0.150" /><testcase classname="tests.t0_2.test_t0_2_robustness_gate.TestT02RobustnessGate" name="test_14_audit_script_passes" time="0.096" /><testcase classname="tests.t0_3a.test_t0_3a_document_coverage.TestT03ADocumentCoverage" name="test_01_base_commit_invariant" time="0.133" /><testcase classname="tests.t0_3a.test_t0_3a_document_coverage.TestT03ADocumentCoverage" name="test_02_frozen_inputs_manifest_integrity" time="0.003" /><testcase classname="tests.t0_3a.test_t0_3a_document_coverage.TestT03ADocumentCoverage" name="test_03_core_decision_invariant" time="0.001" /><testcase classname="tests.t0_3a.test_t0_3a_document_coverage.TestT03ADocumentCoverage" name="test_04_taxonomy_register_frozen_integrity" time="0.001" /><testcase classname="tests.t0_3a.test_t0_3a_document_coverage.TestT03ADocumentCoverage" name="test_05_no_arbitrary_era_buckets" time="0.001" /><testcase classname="tests.t0_3a.test_t0_3a_document_coverage.TestT03ADocumentCoverage" name="test_06_script_and_language_candidates" time="0.001" /><testcase classname="tests.t0_3a.test_t0_3a_document_coverage.TestT03ADocumentCoverage" name="test_07_no_toc_keyword_candidate_naming" time="0.001" /><testcase classname="tests.t0_3a.test_t0_3a_document_coverage.TestT03ADocumentCoverage" name="test_08_coverage_intersections_dimension" time="0.001" /><testcase classname="tests.t0_3a.test_t0_3a_document_coverage.TestT03ADocumentCoverage" name="test_09_evidence_limitations_dimension" time="0.001" /><testcase classname="tests.t0_3a.test_t0_3a_document_coverage.TestT03ADocumentCoverage" name="test_10_evidence_based_sparsity" time="0.009" /><testcase classname="tests.t0_3a.test_t0_3a_document_coverage.TestT03ADocumentCoverage" name="test_11_substantive_files_exist_and_nonempty" time="0.001" /><testcase classname="tests.t0_3a.test_t0_3a_document_coverage.TestT03ADocumentCoverage" name="test_12_coverage_matrix_derived_dynamically" time="0.065" /><testcase classname="tests.t0_3a.test_t0_3a_document_coverage.TestT03ADocumentCoverage" name="test_13_category_document_map_integrity" time="0.027" /><testcase classname="tests.t0_3a.test_t0_3a_document_coverage.TestT03ADocumentCoverage" name="test_14_gap_register_zero_acquisition_fields" time="0.024" /><testcase classname="tests.t0_3a.test_t0_3a_document_coverage.TestT03ADocumentCoverage" name="test_15_summary_json_consistency" time="0.002" /><testcase classname="tests.t0_3a.test_t0_3a_document_coverage.TestT03ADocumentCoverage" name="test_16_mandatory_unresolved_questions_and_sufficiency_warning" time="0.002" /><testcase classname="tests.t0_3a.test_t0_3a_document_coverage.TestT03ADocumentCoverage" name="test_17_deterministic_reproducibility" time="0.157" /><testcase classname="tests.t0_3a.test_t0_3a_document_coverage.TestT03ADocumentCoverage" name="test_18_audit_script_passes" time="0.297" /><testcase classname="tests.t0_3a_r1.test_t0_3a_r1_document_coverage" name="test_01_base_commit_invariant" time="0.133" /><testcase classname="tests.t0_3a_r1.test_t0_3a_r1_document_coverage" name="test_02_frozen_inputs_and_t03a_preservation" time="0.003" /><testcase classname="tests.t0_3a_r1.test_t0_3a_r1_document_coverage" name="test_03_exact_taxonomy_extension_and_justifications" time="0.001" /><testcase classname="tests.t0_3a_r1.test_t0_3a_r1_document_coverage" name="test_04_exact_predicates_and_no_extra_era_categories" time="0.001" /><testcase classname="tests.t0_3a_r1.test_t0_3a_r1_document_coverage" name="test_05_no_empirical_counts_in_taxonomy" time="0.001" /><testcase classname="tests.t0_3a_r1.test_t0_3a_r1_document_coverage" name="test_06_strict_fiscal_year_parsing_and_missing_year_handling" time="0.000" /><testcase classname="tests.t0_3a_r1.test_t0_3a_r1_document_coverage" name="test_07_valid_fiscal_year_completeness_and_disjointness" time="0.002" /><testcase classname="tests.t0_3a_r1.test_t0_3a_r1_document_coverage" name="test_08_deterministic_count_derivation" time="0.015" /><testcase classname="tests.t0_3a_r1.test_t0_3a_r1_document_coverage" name="test_09_strong_non_era_field_for_field_equality" time="0.001" /><testcase classname="tests.t0_3a_r1.test_t0_3a_r1_document_coverage" name="test_10_no_acquisition_decision_and_core_invariant" time="0.001" /><testcase classname="tests.t0_3a_r1.test_t0_3a_r1_document_coverage" name="test_11_canonical_substantive_files_exist_and_nonempty" time="0.001" /><testcase classname="tests.t0_3a_r1.test_t0_3a_r1_document_coverage" name="test_12_summary_json_consistency" time="0.001" /><testcase classname="tests.t0_3a_r1.test_t0_3a_r1_document_coverage" name="test_13_audit_plan_markdown_and_sufficiency_warning" time="0.001" /><testcase classname="tests.t0_3a_r1.test_t0_3a_r1_document_coverage" name="test_14_deterministic_reproducibility" time="0.378" /><testcase classname="tests.t0_3a_r1.test_t0_3a_r1_document_coverage" name="test_15_auditor_script_passes" time="0.483" /><testcase classname="tests.t0_4.test_t0_4_closure_record" name="test_record_commit_fields_are_unambiguous_forty_character_commits" time="0.151" /><testcase classname="tests.t0_4.test_t0_4_closure_record" name="test_record_is_reproduced_byte_for_byte_from_the_audited_commit" time="6.777" /><testcase classname="tests.t0_4.test_t0_4_closure_record" name="test_record_statuses_use_the_registered_vocabulary_and_the_decision_follows" time="0.000" /><testcase classname="tests.t0_4.test_t0_4_closure_record" name="test_record_holds_no_timestamp_hostname_uuid_or_absolute_path" time="0.070" /><testcase classname="tests.t0_4.test_t0_4_closure_record" name="test_frozen_inputs_are_unchanged_since_the_audited_commit" time="0.046"><skipped type="pytest.xfail" message="T0.4 Amendment 01 (docs/identity/T0_4_AMENDMENT_01.md): the authorized A1-A4 reconstruction changes arpipe/models.py, arpipe/triage.py, arpipe/ocr.py and arpipe/store.py, which this original literal T0.4 path guard reports as the known freeze deviation" /></testcase><testcase classname="tests.t0_4.test_t0_4_closure_record" name="test_recorded_hashes_match_the_committed_artifacts" time="0.004" /><testcase classname="tests.t0_4.test_t0_4_closure_record" name="test_report_states_every_required_closure_item" time="0.001" /><testcase classname="tests.t0_4.test_t0_4_final_closure" name="test_vector_text_route_is_ocr_and_every_explicit_representation_agrees" time="0.006" /><testcase classname="tests.t0_4.test_t0_4_final_closure" name="test_route_is_unresolved_when_the_t0_4_design_layer_does_not_state_it" time="0.319" /><testcase classname="tests.t0_4.test_t0_4_final_closure" name="test_route_fails_on_a_representation_that_contradicts_the_detector" time="0.585" /><testcase classname="tests.t0_4.test_t0_4_final_closure" name="test_route_is_not_pass_when_the_detector_does_not_route_vector_text_to_ocr" time="0.305" /><testcase classname="tests.t0_4.test_t0_4_final_closure" name="test_observed_and_zero_availability_cells_partition_the_declared_product" time="0.764" /><testcase classname="tests.t0_4.test_t0_4_final_closure" name="test_every_observed_cell_selects_exactly_one_physical_page" time="0.003" /><testcase classname="tests.t0_4.test_t0_4_final_closure" name="test_sparse_cells_are_documented_and_never_compensated" time="0.000" /><testcase classname="tests.t0_4.test_t0_4_final_closure" name="test_overlapping_condition_labels_never_duplicate_a_physical_page" time="0.003" /><testcase classname="tests.t0_4.test_t0_4_final_closure" name="test_cell_inspection_flags_zero_and_multiple_selections" time="0.232" /><testcase classname="tests.t0_4.test_t0_4_final_closure" name="test_cell_inspection_flags_a_non_minimum_rank_selection" time="0.172" /><testcase classname="tests.t0_4.test_t0_4_final_closure" name="test_selection_rank_encoding_matches_the_frozen_builder" time="0.009" /><testcase classname="tests.t0_4.test_t0_4_final_closure" name="test_every_selected_page_has_complete_derivable_provenance" time="1.100" /><testcase classname="tests.t0_4.test_t0_4_final_closure" name="test_provenance_fails_closed_on_tampered_rank_or_source_hash" time="2.477" /><testcase classname="tests.t0_4.test_t0_4_final_closure" name="test_terminology_classifier_separates_split_and_coverage_roles[Paired engine estimates retain honest held-out evaluation-held-out-AMBIGUOUS_HELD_OUT]" time="0.001" /><testcase classname="tests.t0_4.test_t0_4_final_closure" name="test_terminology_classifier_separates_split_and_coverage_roles[VALIDATION is the final held-out evaluation-held-out-AMBIGUOUS_HELD_OUT]" time="0.001" /><testcase classname="tests.t0_4.test_t0_4_final_closure" name="test_terminology_classifier_separates_split_and_coverage_roles[FIT and HOLDOUT give the final held-out evaluation-held-out-AMBIGUOUS_HELD_OUT]" time="0.001" /><testcase classname="tests.t0_4.test_t0_4_final_closure" name="test_terminology_classifier_separates_split_and_coverage_roles[only HOLDOUT provides the final held-out evaluation-held-out-FINAL_HELD_OUT_EVALUATION]" time="0.001" /><testcase classname="tests.t0_4.test_t0_4_final_closure" name="test_terminology_classifier_separates_split_and_coverage_roles[An unobserved cell is reported as unavailable-unobserved-COVERAGE_TERM]" time="0.000" /><testcase classname="tests.t0_4.test_t0_4_final_closure" name="test_terminology_classifier_separates_split_and_coverage_roles[Unobserved cells remain unavailable-unobserved-COVERAGE_TERM]" time="0.001" /><testcase classname="tests.t0_4.test_t0_4_final_closure" name="test_terminology_classifier_separates_split_and_coverage_roles[The engine was tested on unseen data-unseen-AMBIGUOUS_COVERAGE_TERM]" time="0.000" /><testcase classname="tests.t0_4.test_t0_4_final_closure" name="test_terminology_classifier_separates_split_and_coverage_roles[HOLDOUT remains final-only-holdout-SPLIT_LABEL]" time="0.001" /><testcase classname="tests.t0_4.test_t0_4_final_closure" name="test_terminology_classifier_separates_split_and_coverage_roles[PRESERVE_FIT_VALIDATION_HOLDOUT_BY_ISSUER-holdout-SPLIT_LABEL]" time="0.001" /><testcase classname="tests.t0_4.test_t0_4_final_closure" name="test_terminology_classifier_separates_split_and_coverage_roles[&quot;holdout_role&quot;: &quot;FINAL_ONLY_LOCKED&quot;-holdout-SPLIT_IDENTIFIER]" time="0.001" /><testcase classname="tests.t0_4.test_t0_4_final_closure" name="test_terminology_classifier_separates_split_and_coverage_roles[Development/holdout splitter | Existing FIT/VALIDATION/HOLDOUT partition-holdout-SPLIT_PROSE]" time="0.001" /><testcase classname="tests.t0_4.test_t0_4_final_closure" name="test_terminology_classifier_separates_split_and_coverage_roles[## Holdout and freeze procedure-holdout-SPLIT_PROSE]" time="0.001" /><testcase classname="tests.t0_4.test_t0_4_final_closure" name="test_terminology_classifier_separates_split_and_coverage_roles[VALIDATION is the holdout-holdout-AMBIGUOUS_HELD_OUT]" time="0.001" /><testcase classname="tests.t0_4.test_t0_4_final_closure" name="test_frozen_t0_4_terminology_has_no_ambiguity_and_keeps_coverage_terms" time="0.041" /><testcase classname="tests.t0_4.test_t0_4_final_closure" name="test_reuse_audit_no_longer_calls_the_whole_partitioning_held_out" time="0.001" /><testcase classname="tests.t0_4.test_t0_4_final_closure" name="test_closure_code_imports_no_engine_network_or_pdf_library" time="0.003" /><testcase classname="tests.t0_4.test_t0_4_final_closure" name="test_closure_change_allowance_never_covers_frozen_inputs" time="0.000" /><testcase classname="tests.t0_4.test_t0_4_final_closure" name="test_closure_requires_all_four_statuses[statuses0-CLOSED_FOR_GOLD_PHASE]" time="0.001" /><testcase classname="tests.t0_4.test_t0_4_final_closure" name="test_closure_requires_all_four_statuses[statuses1-CLOSED_FOR_GOLD_PHASE]" time="0.001" /><testcase classname="tests.t0_4.test_t0_4_final_closure" name="test_closure_requires_all_four_statuses[statuses2-OPEN]" time="0.001" /><testcase classname="tests.t0_4.test_t0_4_final_closure" name="test_closure_requires_all_four_statuses[statuses3-OPEN]" time="0.000" /><testcase classname="tests.t0_4.test_t0_4_final_closure" name="test_closure_requires_all_four_statuses[statuses4-OPEN]" time="0.000" /><testcase classname="tests.t0_4.test_t0_4_final_closure" name="test_closure_requires_all_four_statuses[statuses5-OPEN]" time="0.000" /><testcase classname="tests.t0_4.test_t0_4_final_closure" name="test_closure_refuses_a_commit_that_is_not_a_descendant_of_the_audited_base" time="0.250" /><testcase classname="tests.t0_4.test_t0_4_setup" name="test_exact_base_exists_and_is_ancestor" time="0.115" /><testcase classname="tests.t0_4.test_t0_4_setup" name="test_frozen_corpus_and_history_are_unchanged" time="0.040"><skipped type="pytest.xfail" message="T0.4 Amendment 01 (docs/identity/T0_4_AMENDMENT_01.md): the authorized A1-A4 reconstruction changes arpipe/models.py, arpipe/triage.py, arpipe/ocr.py and arpipe/store.py, which this original literal T0.4 path guard reports as the known freeze deviation" /></testcase><testcase classname="tests.t0_4.test_t0_4_setup" name="test_all_config_json_is_parseable_and_validated" time="0.002" /><testcase classname="tests.t0_4.test_t0_4_setup" name="test_json_schemas_are_meta_schema_valid_and_manifest_conforms" time="0.816" /><testcase classname="tests.t0_4.test_t0_4_setup" name="test_manifest_is_byte_deterministic" time="2.136" /><testcase classname="tests.t0_4.test_t0_4_setup" name="test_counts_are_derived_from_frozen_inputs" time="0.157" /><testcase classname="tests.t0_4.test_t0_4_setup" name="test_no_hard_coded_corpus_counts_in_builder" time="0.001" /><testcase classname="tests.t0_4.test_t0_4_setup" name="test_issuer_disjointness_and_split_preservation" time="0.001" /><testcase classname="tests.t0_4.test_t0_4_setup" name="test_no_duplicate_physical_benchmark_units" time="0.001" /><testcase classname="tests.t0_4.test_t0_4_setup" name="test_overlapping_condition_labels_are_one_physical_page" time="0.001" /><testcase classname="tests.t0_4.test_t0_4_setup" name="test_manifest_rejects_duplicate_page" time="0.005" /><testcase classname="tests.t0_4.test_t0_4_setup" name="test_cross_partition_issuer_fails_closed" time="0.000" /><testcase classname="tests.t0_4.test_t0_4_setup" name="test_track_a_rejects_original_pdf_neighbors_and_extra_context[bookmarks]" time="0.001" /><testcase classname="tests.t0_4.test_t0_4_setup" name="test_track_a_rejects_original_pdf_neighbors_and_extra_context[document_text]" time="0.000" /><testcase classname="tests.t0_4.test_t0_4_setup" name="test_track_a_rejects_original_pdf_neighbors_and_extra_context[external_metadata]" time="0.000" /><testcase classname="tests.t0_4.test_t0_4_setup" name="test_track_a_rejects_original_pdf_neighbors_and_extra_context[following_page]" time="0.000" /><testcase classname="tests.t0_4.test_t0_4_setup" name="test_track_a_rejects_original_pdf_neighbors_and_extra_context[hidden_pdf_text]" time="0.000" /><testcase classname="tests.t0_4.test_t0_4_setup" name="test_track_a_rejects_original_pdf_neighbors_and_extra_context[neighboring_pages]" time="0.000" /><testcase classname="tests.t0_4.test_t0_4_setup" name="test_track_a_rejects_original_pdf_neighbors_and_extra_context[original_pdf]" time="0.000" /><testcase classname="tests.t0_4.test_t0_4_setup" name="test_track_a_rejects_original_pdf_neighbors_and_extra_context[page_context]" time="0.000" /><testcase classname="tests.t0_4.test_t0_4_setup" name="test_track_a_rejects_original_pdf_neighbors_and_extra_context[pdf]" time="0.000" /><testcase classname="tests.t0_4.test_t0_4_setup" name="test_track_a_rejects_original_pdf_neighbors_and_extra_context[pdf_path]" time="0.000" /><testcase classname="tests.t0_4.test_t0_4_setup" name="test_track_a_rejects_original_pdf_neighbors_and_extra_context[previous_page]" time="0.000" /><testcase classname="tests.t0_4.test_t0_4_setup" name="test_track_a_rejects_original_pdf_neighbors_and_extra_context[prior_engine_output]" time="0.000" /><testcase classname="tests.t0_4.test_t0_4_setup" name="test_track_a_rejects_original_pdf_neighbors_and_extra_context[toc]" time="0.000" /><testcase classname="tests.t0_4.test_t0_4_setup" name="test_track_a_checks_actual_image_hash" time="0.005" /><testcase classname="tests.t0_4.test_t0_4_setup" name="test_primary_engines_require_identical_image_hash_and_no_fallback" time="0.001" /><testcase classname="tests.t0_4.test_t0_4_setup" name="test_unrendered_hash_cannot_reach_an_engine" time="0.000" /><testcase classname="tests.t0_4.test_t0_4_setup" name="test_common_adapter_uses_explicit_not_available_without_fabrication" time="0.000" /><testcase classname="tests.t0_4.test_t0_4_setup" name="test_common_adapter_rejects_fabricated_or_malformed_structure[bbox-value0]" time="0.001" /><testcase classname="tests.t0_4.test_t0_4_setup" name="test_common_adapter_rejects_fabricated_or_malformed_structure[bbox-value1]" time="0.000" /><testcase classname="tests.t0_4.test_t0_4_setup" name="test_common_adapter_rejects_fabricated_or_malformed_structure[confidence-1.2]" time="0.000" /><testcase classname="tests.t0_4.test_t0_4_setup" name="test_common_adapter_rejects_fabricated_or_malformed_structure[reading_order--1]" time="0.000" /><testcase classname="tests.t0_4.test_t0_4_setup" name="test_common_adapter_rejects_source_engine_mismatch" time="0.000" /><testcase classname="tests.t0_4.test_t0_4_setup" name="test_holdout_is_locked_before_final_freeze" time="0.000" /><testcase classname="tests.t0_4.test_t0_4_setup" name="test_engine_registry_versions_and_image_mode_are_present" time="0.001" /><testcase classname="tests.t0_4.test_t0_4_setup" name="test_missing_engine_version_fails" time="0.001" /><testcase classname="tests.t0_4.test_t0_4_setup" name="test_configuration_hash_manifest_is_stable" time="0.018" /><testcase classname="tests.t0_4.test_t0_4_setup" name="test_metric_schema_freezes_primary_endpoints_and_uncertainty" time="0.001" /><testcase classname="tests.t0_4.test_t0_4_setup" name="test_failure_taxonomy_is_specific_and_complete" time="0.001" /><testcase classname="tests.t0_4.test_t0_4_setup" name="test_oracle_routing_protocol_is_blind_and_preselected" time="0.000" /><testcase classname="tests.t0_4.test_t0_4_setup" name="test_gold_schema_separates_page_and_document_and_missing_status" time="0.001" /><testcase classname="tests.t0_4.test_t0_4_setup" name="test_benchmark_output_and_telemetry_cannot_be_gold[raw_output]" time="0.001" /><testcase classname="tests.t0_4.test_t0_4_setup" name="test_benchmark_output_and_telemetry_cannot_be_gold[runtime_metrics]" time="0.000" /><testcase classname="tests.t0_4.test_t0_4_setup" name="test_benchmark_output_and_telemetry_cannot_be_gold[metric_value]" time="0.000" /><testcase classname="tests.t0_4.test_t0_4_setup" name="test_benchmark_output_and_telemetry_cannot_be_gold[engine_output]" time="0.000" /><testcase classname="tests.t0_4.test_t0_4_setup" name="test_raw_output_provenance_and_telemetry_schemas_have_required_fields" time="0.001" /><testcase classname="tests.t0_4.test_t0_4_setup" name="test_cloud_output_must_be_replayed_not_regenerated" time="0.000" /><testcase classname="tests.t0_4.test_t0_4_setup" name="test_deterministic_manifest_has_no_absolute_path" time="0.031" /><testcase classname="tests.t0_4.test_t0_4_setup" name="test_track_a_and_track_b_have_distinct_units_and_gold_contracts" time="0.001" /><testcase classname="tests.t0_4.test_t0_4_setup" name="test_future_results_has_no_winner_or_composite_field" time="0.000" /><testcase classname="tests.t0_4.test_t0_4_setup" name="test_fail_closed_setup_audit_passes" time="0.143"><skipped type="pytest.xfail" message="T0.4 Amendment 01 (docs/identity/T0_4_AMENDMENT_01.md): the authorized A1-A4 reconstruction changes arpipe/models.py, arpipe/triage.py, arpipe/ocr.py and arpipe/store.py, which this original literal T0.4 path guard reports as the known freeze deviation" /></testcase><testcase classname="tests.test_check_doc_hashes" name="test_split_row_strips_outer_pipes_and_whitespace" time="0.001" /><testcase classname="tests.test_check_doc_hashes" name="test_clean_cell_strips_backticks_and_whitespace" time="0.001" /><testcase classname="tests.test_check_doc_hashes" name="test_find_col_matches_case_insensitively" time="0.001" /><testcase classname="tests.test_check_doc_hashes" name="test_find_col_returns_none_when_absent" time="0.000" /><testcase classname="tests.test_check_doc_hashes" name="test_is_separator_row_detects_dashes" time="0.001" /><testcase classname="tests.test_check_doc_hashes" name="test_extract_hash_rows_parses_pc06_style_table" time="0.026" /><testcase classname="tests.test_check_doc_hashes" name="test_extract_hash_rows_ignores_tables_without_required_columns" time="0.010" /><testcase classname="tests.test_check_doc_hashes" name="test_extract_hash_rows_skips_rows_with_malformed_commit_or_hash" time="0.023" /><testcase classname="tests.test_check_doc_hashes" name="test_git_blob_sha256_matches_recomputed_hash" time="0.399" /><testcase classname="tests.test_check_doc_hashes" name="test_git_blob_sha256_raises_on_missing_path" time="0.323" /><testcase classname="tests.test_check_doc_hashes" name="test_check_docs_passes_when_recorded_hash_matches" time="0.342" /><testcase classname="tests.test_check_doc_hashes" name="test_check_docs_fails_when_recorded_hash_is_wrong" time="0.346" /><testcase classname="tests.test_check_doc_hashes" name="test_check_docs_allowlisted_mismatch_is_not_an_unallowed_failure" time="0.354" /><testcase classname="tests.test_check_doc_hashes" name="test_main_returns_zero_when_all_hashes_match" time="0.335" /><testcase classname="tests.test_check_doc_hashes" name="test_main_returns_nonzero_when_a_hash_mismatches_and_is_not_allowlisted" time="0.401" /><testcase classname="tests.test_check_doc_hashes" name="test_real_provenance_corrections_table_has_zero_unallowed_failures" time="0.552" /><testcase classname="tests.test_check_doc_hashes" name="test_real_allowlist_file_is_valid_json_with_empty_exceptions" time="0.001" /><testcase classname="tests.test_import_smoke" name="test_every_arpipe_module_imports" time="0.001" /><testcase classname="tests.test_phase2_1_semantic_conformance" name="test_semantic_discrimination_fixtures_exist" time="0.001" /><testcase classname="tests.test_phase2_1_semantic_conformance" name="test_b4_canonical_serialization_properties" time="0.000" /><testcase classname="tests.test_phase2_1_semantic_conformance" name="test_b1_to_b8_status_and_decision_guard" time="0.002" /><testcase classname="tests.test_phase2_1_semantic_conformance" name="test_b1_exact_formulation" time="0.001" /><testcase classname="tests.test_phase2_1_semantic_conformance" name="test_zero_cell_normative_procedure" time="0.001" /><testcase classname="tests.test_phase2_1_semantic_conformance" name="test_conditional_t0_4_amendment_rule" time="0.001" /><testcase classname="tests.test_phase2_1_semantic_conformance" name="test_historical_immutability_strict_allowlist" time="0.093" /><testcase classname="tests.test_t0_4_amendment_01" name="test_amendment_record_is_ratified_and_its_text_is_unaltered" time="0.003" /><testcase classname="tests.test_t0_4_amendment_01" name="test_amendment_record_is_not_a_phase2_1_amendment_file" time="0.001" /><testcase classname="tests.test_t0_4_amendment_01" name="test_t0_4_base_commit_from_record_agrees_with_core_and_git" time="0.072" /><testcase classname="tests.test_t0_4_amendment_01" name="test_authorizing_commit_resolves_and_touches_only_its_path[A1_COMMIT]" time="0.119" /><testcase classname="tests.test_t0_4_amendment_01" name="test_authorizing_commit_resolves_and_touches_only_its_path[A2_COMMIT]" time="0.126" /><testcase classname="tests.test_t0_4_amendment_01" name="test_authorizing_commit_resolves_and_touches_only_its_path[A3_COMMIT]" time="0.125" /><testcase classname="tests.test_t0_4_amendment_01" name="test_authorizing_commit_resolves_and_touches_only_its_path[A4_COMMIT]" time="0.140" /><testcase classname="tests.test_t0_4_amendment_01" name="test_arpipe_change_set_is_exactly_the_four_authorized_paths" time="0.126" /><testcase classname="tests.test_t0_4_amendment_01" name="test_authorized_file_differs_from_base_only_by_its_authorized_hunks[arpipe/models.py]" time="0.173" /><testcase classname="tests.test_t0_4_amendment_01" name="test_authorized_file_differs_from_base_only_by_its_authorized_hunks[arpipe/triage.py]" time="0.156" /><testcase classname="tests.test_t0_4_amendment_01" name="test_authorized_file_differs_from_base_only_by_its_authorized_hunks[arpipe/ocr.py]" time="0.167" /><testcase classname="tests.test_t0_4_amendment_01" name="test_authorized_file_differs_from_base_only_by_its_authorized_hunks[arpipe/store.py]" time="0.171" /><testcase classname="tests.test_t0_4_amendment_01" name="test_protected_source_is_byte_identical_to_the_t0_4_base[triage._classify]" time="0.085" /><testcase classname="tests.test_t0_4_amendment_01" name="test_protected_source_is_byte_identical_to_the_t0_4_base[triage.configure]" time="0.075" /><testcase classname="tests.test_t0_4_amendment_01" name="test_protected_source_is_byte_identical_to_the_t0_4_base[triage.NEEDS_OCR]" time="0.073" /><testcase classname="tests.test_t0_4_amendment_01" name="test_protected_source_is_byte_identical_to_the_t0_4_base[triage.ocr_page_numbers]" time="0.097" /><testcase classname="tests.test_t0_4_amendment_01" name="test_protected_source_is_byte_identical_to_the_t0_4_base[triage.MIN_CHARS_PER_PAGE]" time="0.075" /><testcase classname="tests.test_t0_4_amendment_01" name="test_protected_source_is_byte_identical_to_the_t0_4_base[triage.MIN_CHARS_DENSE]" time="0.068" /><testcase classname="tests.test_t0_4_amendment_01" name="test_protected_source_is_byte_identical_to_the_t0_4_base[triage.MAX_MOJIBAKE_RATIO]" time="0.070" /><testcase classname="tests.test_t0_4_amendment_01" name="test_protected_source_is_byte_identical_to_the_t0_4_base[triage.BIG_IMAGE_AREA_FRAC]" time="0.077" /><testcase classname="tests.test_t0_4_amendment_01" name="test_protected_source_is_byte_identical_to_the_t0_4_base[triage.HYBRID_IMAGE_AREA_FRAC]" time="0.071" /><testcase classname="tests.test_t0_4_amendment_01" name="test_protected_source_is_byte_identical_to_the_t0_4_base[triage.BLANK_CHARS]" time="0.073" /><testcase classname="tests.test_t0_4_amendment_01" name="test_protected_source_is_byte_identical_to_the_t0_4_base[triage.VECTOR_PATH_TEXT_THRESHOLD]" time="0.079" /><testcase classname="tests.test_t0_4_amendment_01" name="test_protected_source_is_byte_identical_to_the_t0_4_base[triage.COLUMN_HIST_BINS]" time="0.079" /><testcase classname="tests.test_t0_4_amendment_01" name="test_protected_source_is_byte_identical_to_the_t0_4_base[triage.GUTTER_MIN_RUN_FRAC]" time="0.075" /><testcase classname="tests.test_t0_4_amendment_01" name="test_protected_source_is_byte_identical_to_the_t0_4_base[triage.GUTTER_PEAK_THRESHOLD]" time="0.077" /><testcase classname="tests.test_t0_4_amendment_01" name="test_protected_source_is_byte_identical_to_the_t0_4_base[triage.GUTTER_SEARCH_LO]" time="0.067" /><testcase classname="tests.test_t0_4_amendment_01" name="test_protected_source_is_byte_identical_to_the_t0_4_base[triage.GUTTER_SEARCH_HI]" time="0.072" /><testcase classname="tests.test_t0_4_amendment_01" name="test_protected_source_is_byte_identical_to_the_t0_4_base[triage.DOC_SCANNED_FRAC]" time="0.089" /><testcase classname="tests.test_t0_4_amendment_01" name="test_protected_source_is_byte_identical_to_the_t0_4_base[triage.DOC_DIGITAL_FRAC]" time="0.075" /><testcase classname="tests.test_t0_4_amendment_01" name="test_protected_source_is_byte_identical_to_the_t0_4_base[models.PageKind]" time="0.068" /><testcase classname="tests.test_t0_4_amendment_01" name="test_protected_source_is_byte_identical_to_the_t0_4_base[file:arpipe/configs/default.yaml]" time="0.093" /><testcase classname="tests.test_t0_4_amendment_01" name="test_protected_source_is_byte_identical_to_the_t0_4_base[file:arpipe/CLAUDE.md]" time="0.096" /><testcase classname="tests.test_t0_4_amendment_01" name="test_protected_source_is_byte_identical_to_the_t0_4_base[file:arpipe/README.md]" time="0.104" /><testcase classname="tests.test_t0_4_amendment_01" name="test_profile_page_classification_is_identical_and_the_rest_only_grows" time="0.080" /><testcase classname="tests.test_t0_4_amendment_01" name="test_original_t0_4_guards_and_frozen_paths_are_unchanged_since_the_forensic_commit" time="0.111" /><testcase classname="tests.test_t0_4_amendment_01" name="test_expected_failure_registration_is_complete_and_cites_the_amendment" time="0.008" /><testcase classname="tests.test_t0_4_amendment_01" name="test_strict_expected_failure_semantics[protected-violation-is-xfail]" time="0.002" /><testcase classname="tests.test_t0_4_amendment_01" name="test_strict_expected_failure_semantics[audit-violation-is-xfail]" time="0.002" /><testcase classname="tests.test_t0_4_amendment_01" name="test_strict_expected_failure_semantics[protected-pass-is-xpass]" time="0.002" /><testcase classname="tests.test_t0_4_amendment_01" name="test_strict_expected_failure_semantics[audit-pass-is-xpass]" time="0.002" /><testcase classname="tests.test_t0_4_amendment_01" name="test_strict_expected_failure_semantics[protected-fifth-path-fails]" time="0.002" /><testcase classname="tests.test_t0_4_amendment_01" name="test_strict_expected_failure_semantics[audit-fifth-path-fails]" time="0.001" /><testcase classname="tests.test_t0_4_amendment_01" name="test_strict_expected_failure_semantics[protected-missing-path-fails]" time="0.001" /><testcase classname="tests.test_t0_4_amendment_01" name="test_strict_expected_failure_semantics[protected-wrong-exception-fails]" time="0.001" /><testcase classname="tests.test_t0_4_amendment_01" name="test_strict_expected_failure_semantics[protected-other-message-fails]" time="0.001" /><testcase classname="tests.test_t0_4_amendment_01" name="test_strict_expected_failure_semantics[protected-unknown-violation-fails]" time="0.001" /><testcase classname="tests.test_t0_4_amendment_01" name="test_strict_expected_failure_semantics[audit-other-assertion-fails]" time="0.001" /><testcase classname="tests.test_t0_4_amendment_01" name="test_strict_expected_failure_semantics[audit-wrong-exception-fails]" time="0.002" /></testsuite></testsuites>